<?xml version="1.0" encoding="UTF-8"?>
<testsuite name="VoitureFactoryTest" tests="1" skipped="0" failures="0" errors="0" timestamp="2021-01-05T15:20:21" hostname="macbook-pro-de-pablo.home" time="0.028">
  <properties/>
  <testcase name="testJerez()" classname="VoitureFactoryTest" time="0.028"/>
  <system-out><![CDATA[Vous avez une Ferrari F1
]]></system-out>
  <system-err><![CDATA[]]></system-err>
</testsuite>
